#
# There is insufficient memory for the Java Runtime Environment to continue.
# Native memory allocation (malloc) failed to allocate 32744 bytes for ChunkPool::allocate
# Possible reasons:
#   The system is out of physical RAM or swap space
#   In 32 bit mode, the process size limit was hit
# Possible solutions:
#   Reduce memory load on the system
#   Increase physical memory or swap space
#   Check if swap backing store is full
#   Use 64 bit Java on a 64 bit OS
#   Decrease Java heap size (-Xmx/-Xms)
#   Decrease number of Java threads
#   Decrease Java thread stack sizes (-Xss)
#   Set larger code cache with -XX:ReservedCodeCacheSize=
# This output file may be truncated or incomplete.
#
#  Out of Memory Error (allocation.cpp:273), pid=8392, tid=0x0000000000001ec4
#
# JRE version: OpenJDK Runtime Environment (8.0_76-b03) (build 1.8.0_76-release-b03)
# Java VM: OpenJDK 64-Bit Server VM (25.76-b03 mixed mode windows-amd64 compressed oops)
# Failed to write core dump. Minidumps are not enabled by default on client versions of Windows
#

---------------  T H R E A D  ---------------

Current thread (0x000000005772b800):  JavaThread "C1 CompilerThread2" daemon [_thread_in_native, id=7876, stack(0x0000000057c70000,0x0000000057d70000)]

Stack: [0x0000000057c70000,0x0000000057d70000]
[error occurred during error reporting (printing stack bounds), id 0xc0000005]

Native frames: (J=compiled Java code, j=interpreted, Vv=VM code, C=native code)


Current CompileTask:
C1:  18521 4949       3       com.sun.org.apache.xerces.internal.impl.dv.xs.XSSimpleTypeDecl::normalize (247 bytes)


---------------  P R O C E S S  ---------------

Java Threads: ( => current thread )
  0x0000000059d62000 JavaThread "File lock request listener" [_thread_in_native, id=10112, stack(0x000000005d650000,0x000000005d750000)]
  0x0000000059426000 JavaThread "Stdin handler" [_thread_blocked, id=1936, stack(0x000000005af50000,0x000000005b050000)]
  0x0000000059425800 JavaThread "Asynchronous log dispatcher for org.gradle.launcher.daemon.server.DefaultDaemonConnection@2dd23688" [_thread_blocked, id=6160, stack(0x000000005ab10000,0x000000005ac10000)]
  0x00000000593b7800 JavaThread "Daemon worker" [_thread_in_vm, id=8328, stack(0x000000005a090000,0x000000005a190000)]
  0x0000000059415000 JavaThread "Cancel handler" [_thread_blocked, id=9408, stack(0x000000005a8d0000,0x000000005a9d0000)]
  0x00000000593b1800 JavaThread "Handler for socket connection from /127.0.0.1:13868 to /127.0.0.1:13869" [_thread_in_native, id=852, stack(0x000000005a700000,0x000000005a800000)]
  0x00000000593b0800 JavaThread "Daemon" [_thread_blocked, id=10120, stack(0x000000005a4d0000,0x000000005a5d0000)]
  0x0000000059357800 JavaThread "pool-1-thread-1" [_thread_blocked, id=5948, stack(0x0000000058db0000,0x0000000058eb0000)]
  0x000000005924b000 JavaThread "Incoming local TCP Connector on port 13868" [_thread_in_native, id=6000, stack(0x000000005a1d0000,0x000000005a2d0000)]
  0x000000005647e800 JavaThread "Service Thread" daemon [_thread_blocked, id=8028, stack(0x00000000583a0000,0x00000000584a0000)]
=>0x000000005772b800 JavaThread "C1 CompilerThread2" daemon [_thread_in_native, id=7876, stack(0x0000000057c70000,0x0000000057d70000)]
  0x000000005772a800 JavaThread "C2 CompilerThread1" daemon [_thread_in_native, id=1780, stack(0x00000000581b0000,0x00000000582b0000)]
  0x000000005771b000 JavaThread "C2 CompilerThread0" daemon [_thread_in_vm, id=1512, stack(0x0000000057f60000,0x0000000058060000)]
  0x000000005771a000 JavaThread "Attach Listener" daemon [_thread_blocked, id=1412, stack(0x0000000057d80000,0x0000000057e80000)]
  0x0000000057719800 JavaThread "Signal Dispatcher" daemon [_thread_blocked, id=4956, stack(0x0000000057b60000,0x0000000057c60000)]
  0x0000000056458000 JavaThread "Finalizer" daemon [_thread_blocked, id=6660, stack(0x0000000057610000,0x0000000057710000)]
  0x000000005640e800 JavaThread "Reference Handler" daemon [_thread_blocked, id=10088, stack(0x0000000057410000,0x0000000057510000)]
  0x000000000209d800 JavaThread "main" [_thread_blocked, id=9476, stack(0x0000000002590000,0x0000000002690000)]

Other Threads:
  0x0000000056409000 VMThread [stack: 0x00000000572b0000,0x00000000573b0000] [id=1404]
  0x000000005772f800 WatcherThread [stack: 0x00000000584b0000,0x00000000585b0000] [id=3204]

VM state:not at safepoint (normal execution)

VM Mutex/Monitor currently owned by a thread: None

Heap:
 PSYoungGen      total 113152K, used 32589K [0x00000000e0000000, 0x00000000e7880000, 0x0000000100000000)
  eden space 102912K, 31% used [0x00000000e0000000,0x00000000e1fd36d0,0x00000000e6480000)
  from space 10240K, 0% used [0x00000000e6480000,0x00000000e6480000,0x00000000e6e80000)
  to   space 7680K, 0% used [0x00000000e7100000,0x00000000e7100000,0x00000000e7880000)
 ParOldGen       total 72704K, used 22633K [0x00000000a0000000, 0x00000000a4700000, 0x00000000e0000000)
  object space 72704K, 31% used [0x00000000a0000000,0x00000000a161a750,0x00000000a4700000)
 Metaspace       used 41604K, capacity 42380K, committed 42928K, reserved 1087488K
  class space    used 5517K, capacity 5702K, committed 5808K, reserved 1048576K

Card table byte_map: [0x0000000011ae0000,0x0000000011df0000] byte_map_base: 0x00000000115e0000

Marking Bits: (ParMarkBitMap*) 0x000000006d9b9d00
 Begin Bits: [0x0000000012780000, 0x0000000013f80000)
 End Bits:   [0x0000000013f80000, 0x0000000015780000)

Polling page: 0x0000000000130000

CodeCache: size=245760Kb used=16106Kb max_used=16309Kb free=229653Kb
 bounds [0x0000000002720000, 0x0000000003720000, 0x0000000011720000]
 total_blobs=5215 nmethods=4527 adapters=599
 compilation: enabled

Compilation events (10 events):
Event: 18.503 Thread 0x000000005772b800 4944       3       com.sun.org.apache.xerces.internal.parsers.BasicParserConfiguration::addComponent (147 bytes)
Event: 18.504 Thread 0x000000005772b800 nmethod 4944 0x00000000030afc50 code [0x00000000030aff20, 0x00000000030b1428]
Event: 18.507 Thread 0x000000005772b800 4945       3       com.sun.org.apache.xerces.internal.impl.dv.xs.DecimalDV::compare (12 bytes)
Event: 18.508 Thread 0x000000005772b800 nmethod 4945 0x0000000002fc6e90 code [0x0000000002fc7000, 0x0000000002fc73c8]
Event: 18.508 Thread 0x000000005772b800 4946       3       com.sun.org.apache.xerces.internal.impl.dv.xs.DecimalDV$XDecimal::compareTo (48 bytes)
Event: 18.508 Thread 0x000000005772b800 nmethod 4946 0x0000000002fc69d0 code [0x0000000002fc6b40, 0x0000000002fc6dc8]
Event: 18.508 Thread 0x000000005772b800 4947       3       com.google.common.collect.Platform::newArray (22 bytes)
Event: 18.508 Thread 0x000000005772b800 nmethod 4947 0x000000000306d090 code [0x000000000306d220, 0x000000000306d618]
Event: 18.512 Thread 0x000000005771b000 4948       4       com.sun.org.apache.xerces.internal.impl.XMLEntityScanner::scanQName (594 bytes)
Event: 18.512 Thread 0x000000005772b800 4949       3       com.sun.org.apache.xerces.internal.impl.dv.xs.XSSimpleTypeDecl::normalize (247 bytes)

GC Heap History (10 events):
Event: 13.436 GC heap before
{Heap before GC invocations=8 (full 1):
 PSYoungGen      total 110592K, used 108093K [0x00000000e0000000, 0x00000000e7880000, 0x0000000100000000)
  eden space 102912K, 100% used [0x00000000e0000000,0x00000000e6480000,0x00000000e6480000)
  from space 7680K, 67% used [0x00000000e7100000,0x00000000e760f7a8,0x00000000e7880000)
  to   space 10240K, 0% used [0x00000000e6480000,0x00000000e6480000,0x00000000e6e80000)
 ParOldGen       total 55808K, used 11328K [0x00000000a0000000, 0x00000000a3680000, 0x00000000e0000000)
  object space 55808K, 20% used [0x00000000a0000000,0x00000000a0b102f8,0x00000000a3680000)
 Metaspace       used 34130K, capacity 34696K, committed 34992K, reserved 1079296K
  class space    used 4561K, capacity 4753K, committed 4784K, reserved 1048576K
Event: 13.461 GC heap after
Heap after GC invocations=8 (full 1):
 PSYoungGen      total 113152K, used 10234K [0x00000000e0000000, 0x00000000e7880000, 0x0000000100000000)
  eden space 102912K, 0% used [0x00000000e0000000,0x00000000e0000000,0x00000000e6480000)
  from space 10240K, 99% used [0x00000000e6480000,0x00000000e6e7e850,0x00000000e6e80000)
  to   space 7680K, 0% used [0x00000000e7100000,0x00000000e7100000,0x00000000e7880000)
 ParOldGen       total 55808K, used 12849K [0x00000000a0000000, 0x00000000a3680000, 0x00000000e0000000)
  object space 55808K, 23% used [0x00000000a0000000,0x00000000a0c8c4a8,0x00000000a3680000)
 Metaspace       used 34130K, capacity 34696K, committed 34992K, reserved 1079296K
  class space    used 4561K, capacity 4753K, committed 4784K, reserved 1048576K
}
Event: 13.537 GC heap before
{Heap before GC invocations=9 (full 1):
 PSYoungGen      total 113152K, used 16105K [0x00000000e0000000, 0x00000000e7880000, 0x0000000100000000)
  eden space 102912K, 5% used [0x00000000e0000000,0x00000000e05bbbb8,0x00000000e6480000)
  from space 10240K, 99% used [0x00000000e6480000,0x00000000e6e7e850,0x00000000e6e80000)
  to   space 7680K, 0% used [0x00000000e7100000,0x00000000e7100000,0x00000000e7880000)
 ParOldGen       total 55808K, used 12849K [0x00000000a0000000, 0x00000000a3680000, 0x00000000e0000000)
  object space 55808K, 23% used [0x00000000a0000000,0x00000000a0c8c4a8,0x00000000a3680000)
 Metaspace       used 34563K, capacity 35112K, committed 35496K, reserved 1079296K
  class space    used 4619K, capacity 4785K, committed 4912K, reserved 1048576K
Event: 13.546 GC heap after
Heap after GC invocations=9 (full 1):
 PSYoungGen      total 110592K, used 7650K [0x00000000e0000000, 0x00000000e7880000, 0x0000000100000000)
  eden space 102912K, 0% used [0x00000000e0000000,0x00000000e0000000,0x00000000e6480000)
  from space 7680K, 99% used [0x00000000e7100000,0x00000000e7878bd8,0x00000000e7880000)
  to   space 10240K, 0% used [0x00000000e6480000,0x00000000e6480000,0x00000000e6e80000)
 ParOldGen       total 55808K, used 13086K [0x00000000a0000000, 0x00000000a3680000, 0x00000000e0000000)
  object space 55808K, 23% used [0x00000000a0000000,0x00000000a0cc7ba8,0x00000000a3680000)
 Metaspace       used 34563K, capacity 35112K, committed 35496K, reserved 1079296K
  class space    used 4619K, capacity 4785K, committed 4912K, reserved 1048576K
}
Event: 13.546 GC heap before
{Heap before GC invocations=10 (full 2):
 PSYoungGen      total 110592K, used 7650K [0x00000000e0000000, 0x00000000e7880000, 0x0000000100000000)
  eden space 102912K, 0% used [0x00000000e0000000,0x00000000e0000000,0x00000000e6480000)
  from space 7680K, 99% used [0x00000000e7100000,0x00000000e7878bd8,0x00000000e7880000)
  to   space 10240K, 0% used [0x00000000e6480000,0x00000000e6480000,0x00000000e6e80000)
 ParOldGen       total 55808K, used 13086K [0x00000000a0000000, 0x00000000a3680000, 0x00000000e0000000)
  object space 55808K, 23% used [0x00000000a0000000,0x00000000a0cc7ba8,0x00000000a3680000)
 Metaspace       used 34563K, capacity 35112K, committed 35496K, reserved 1079296K
  class space    used 4619K, capacity 4785K, committed 4912K, reserved 1048576K
Event: 13.643 GC heap after
Heap after GC invocations=10 (full 2):
 PSYoungGen      total 110592K, used 0K [0x00000000e0000000, 0x00000000e7880000, 0x0000000100000000)
  eden space 102912K, 0% used [0x00000000e0000000,0x00000000e0000000,0x00000000e6480000)
  from space 7680K, 0% used [0x00000000e7100000,0x00000000e7100000,0x00000000e7880000)
  to   space 10240K, 0% used [0x00000000e6480000,0x00000000e6480000,0x00000000e6e80000)
 ParOldGen       total 72704K, used 14840K [0x00000000a0000000, 0x00000000a4700000, 0x00000000e0000000)
  object space 72704K, 20% used [0x00000000a0000000,0x00000000a0e7e100,0x00000000a4700000)
 Metaspace       used 34563K, capacity 35112K, committed 35496K, reserved 1079296K
  class space    used 4619K, capacity 4785K, committed 4912K, reserved 1048576K
}
Event: 18.075 GC heap before
{Heap before GC invocations=11 (full 2):
 PSYoungGen      total 110592K, used 100317K [0x00000000e0000000, 0x00000000e7880000, 0x0000000100000000)
  eden space 102912K, 97% used [0x00000000e0000000,0x00000000e61f7490,0x00000000e6480000)
  from space 7680K, 0% used [0x00000000e7100000,0x00000000e7100000,0x00000000e7880000)
  to   space 10240K, 0% used [0x00000000e6480000,0x00000000e6480000,0x00000000e6e80000)
 ParOldGen       total 72704K, used 14840K [0x00000000a0000000, 0x00000000a4700000, 0x00000000e0000000)
  object space 72704K, 20% used [0x00000000a0000000,0x00000000a0e7e100,0x00000000a4700000)
 Metaspace       used 41549K, capacity 42298K, committed 42672K, reserved 1089536K
  class space    used 5515K, capacity 5699K, committed 5808K, reserved 1048576K
Event: 18.084 GC heap after
Heap after GC invocations=11 (full 2):
 PSYoungGen      total 113152K, used 8855K [0x00000000e0000000, 0x00000000e7880000, 0x0000000100000000)
  eden space 102912K, 0% used [0x00000000e0000000,0x00000000e0000000,0x00000000e6480000)
  from space 10240K, 86% used [0x00000000e6480000,0x00000000e6d25ed8,0x00000000e6e80000)
  to   space 7680K, 0% used [0x00000000e7100000,0x00000000e7100000,0x00000000e7880000)
 ParOldGen       total 72704K, used 14848K [0x00000000a0000000, 0x00000000a4700000, 0x00000000e0000000)
  object space 72704K, 20% used [0x00000000a0000000,0x00000000a0e80100,0x00000000a4700000)
 Metaspace       used 41549K, capacity 42298K, committed 42672K, reserved 1089536K
  class space    used 5515K, capacity 5699K, committed 5808K, reserved 1048576K
}
Event: 18.084 GC heap before
{Heap before GC invocations=12 (full 3):
 PSYoungGen      total 113152K, used 8855K [0x00000000e0000000, 0x00000000e7880000, 0x0000000100000000)
  eden space 102912K, 0% used [0x00000000e0000000,0x00000000e0000000,0x00000000e6480000)
  from space 10240K, 86% used [0x00000000e6480000,0x00000000e6d25ed8,0x00000000e6e80000)
  to   space 7680K, 0% used [0x00000000e7100000,0x00000000e7100000,0x00000000e7880000)
 ParOldGen       total 72704K, used 14848K [0x00000000a0000000, 0x00000000a4700000, 0x00000000e0000000)
  object space 72704K, 20% used [0x00000000a0000000,0x00000000a0e80100,0x00000000a4700000)
 Metaspace       used 41549K, capacity 42298K, committed 42672K, reserved 1089536K
  class space    used 5515K, capacity 5699K, committed 5808K, reserved 1048576K
Event: 18.294 GC heap after
Heap after GC invocations=12 (full 3):
 PSYoungGen      total 113152K, used 0K [0x00000000e0000000, 0x00000000e7880000, 0x0000000100000000)
  eden space 102912K, 0% used [0x00000000e0000000,0x00000000e0000000,0x00000000e6480000)
  from space 10240K, 0% used [0x00000000e6480000,0x00000000e6480000,0x00000000e6e80000)
  to   space 7680K, 0% used [0x00000000e7100000,0x00000000e7100000,0x00000000e7880000)
 ParOldGen       total 72704K, used 22633K [0x00000000a0000000, 0x00000000a4700000, 0x00000000e0000000)
  object space 72704K, 31% used [0x00000000a0000000,0x00000000a161a750,0x00000000a4700000)
 Metaspace       used 41549K, capacity 42298K, committed 42672K, reserved 1087488K
  class space    used 5515K, capacity 5699K, committed 5808K, reserved 1048576K
}

Deoptimization events (10 events):
Event: 15.679 Thread 0x00000000593b7800 Uncommon trap: reason=class_check action=maybe_recompile pc=0x0000000002b74214 method=java.io.DataInputStream.readUnsignedShort()I @ 4
Event: 15.679 Thread 0x00000000593b7800 Uncommon trap: reason=class_check action=maybe_recompile pc=0x0000000002b74214 method=java.io.DataInputStream.readUnsignedShort()I @ 4
Event: 15.679 Thread 0x00000000593b7800 Uncommon trap: reason=class_check action=maybe_recompile pc=0x0000000002b74214 method=java.io.DataInputStream.readUnsignedShort()I @ 4
Event: 16.127 Thread 0x00000000593b7800 Uncommon trap: reason=unstable_if action=reinterpret pc=0x0000000002dee9a4 method=java.util.WeakHashMap.remove(Ljava/lang/Object;)Ljava/lang/Object; @ 94
Event: 16.526 Thread 0x00000000593b7800 Uncommon trap: reason=unstable_if action=reinterpret pc=0x000000000301afd8 method=java.lang.CharacterDataLatin1.digit(II)I @ 31
Event: 16.550 Thread 0x00000000593b7800 Uncommon trap: reason=unstable_if action=reinterpret pc=0x0000000002913ed8 method=java.lang.CharacterDataLatin1.digit(II)I @ 31
Event: 17.344 Thread 0x00000000593b7800 Uncommon trap: reason=unstable_if action=reinterpret pc=0x00000000035b03e8 method=com.sun.org.apache.xerces.internal.impl.io.UTF8Reader.read([CII)I @ 131
Event: 17.345 Thread 0x00000000593b7800 Uncommon trap: reason=unstable_if action=reinterpret pc=0x00000000035836e4 method=com.sun.org.apache.xerces.internal.impl.io.UTF8Reader.read([CII)I @ 131
Event: 17.345 Thread 0x00000000593b7800 Uncommon trap: reason=unstable_if action=reinterpret pc=0x00000000035794e8 method=java.util.regex.Pattern$BitClass.isSatisfiedBy(I)Z @ 4
Event: 17.345 Thread 0x00000000593b7800 Uncommon trap: reason=unstable_if action=reinterpret pc=0x0000000003573ffc method=java.util.regex.Pattern$Ctype.isSatisfiedBy(I)Z @ 4

Internal exceptions (10 events):
Event: 17.959 Thread 0x00000000593b7800 Exception <a 'sun/nio/fs/WindowsException'> (0x00000000e5baa948) thrown at [C:\src\android\AOSP-openjdk\external\jetbrains\jdk\hotspot\src\share\vm\prims\jni.cpp, line 709]
Event: 17.959 Thread 0x00000000593b7800 Exception <a 'sun/nio/fs/WindowsException'> (0x00000000e5bab500) thrown at [C:\src\android\AOSP-openjdk\external\jetbrains\jdk\hotspot\src\share\vm\prims\jni.cpp, line 709]
Event: 17.960 Thread 0x00000000593b7800 Exception <a 'sun/nio/fs/WindowsException'> (0x00000000e5baf2b8) thrown at [C:\src\android\AOSP-openjdk\external\jetbrains\jdk\hotspot\src\share\vm\prims\jni.cpp, line 709]
Event: 17.960 Thread 0x00000000593b7800 Exception <a 'sun/nio/fs/WindowsException'> (0x00000000e5bafdc0) thrown at [C:\src\android\AOSP-openjdk\external\jetbrains\jdk\hotspot\src\share\vm\prims\jni.cpp, line 709]
Event: 17.961 Thread 0x00000000593b7800 Exception <a 'sun/nio/fs/WindowsException'> (0x00000000e5bb1910) thrown at [C:\src\android\AOSP-openjdk\external\jetbrains\jdk\hotspot\src\share\vm\prims\jni.cpp, line 709]
Event: 17.961 Thread 0x00000000593b7800 Exception <a 'sun/nio/fs/WindowsException'> (0x00000000e5bb2450) thrown at [C:\src\android\AOSP-openjdk\external\jetbrains\jdk\hotspot\src\share\vm\prims\jni.cpp, line 709]
Event: 17.961 Thread 0x00000000593b7800 Exception <a 'sun/nio/fs/WindowsException'> (0x00000000e5bb4dc8) thrown at [C:\src\android\AOSP-openjdk\external\jetbrains\jdk\hotspot\src\share\vm\prims\jni.cpp, line 709]
Event: 17.961 Thread 0x00000000593b7800 Exception <a 'sun/nio/fs/WindowsException'> (0x00000000e5bb5948) thrown at [C:\src\android\AOSP-openjdk\external\jetbrains\jdk\hotspot\src\share\vm\prims\jni.cpp, line 709]
Event: 17.961 Thread 0x00000000593b7800 Exception <a 'sun/nio/fs/WindowsException'> (0x00000000e5bb7510) thrown at [C:\src\android\AOSP-openjdk\external\jetbrains\jdk\hotspot\src\share\vm\prims\jni.cpp, line 709]
Event: 17.961 Thread 0x00000000593b7800 Exception <a 'sun/nio/fs/WindowsException'> (0x00000000e5bb80c8) thrown at [C:\src\android\AOSP-openjdk\external\jetbrains\jdk\hotspot\src\share\vm\prims\jni.cpp, line 709]

Events (10 events):
Event: 18.336 Thread 0x000000005772b800 flushing nmethod 0x000000000304a510
Event: 18.336 Thread 0x000000005772b800 flushing nmethod 0x00000000030509d0
Event: 18.336 Thread 0x000000005772b800 flushing nmethod 0x0000000003051d50
Event: 18.336 Thread 0x000000005772b800 flushing nmethod 0x0000000003059150
Event: 18.336 Thread 0x000000005772b800 flushing nmethod 0x0000000003065a10
Event: 18.336 Thread 0x000000005772b800 flushing nmethod 0x000000000306bf10
Event: 18.336 Thread 0x000000005772b800 flushing nmethod 0x000000000306ef90
Event: 18.336 Thread 0x000000005772b800 flushing nmethod 0x0000000003081510
Event: 18.336 Thread 0x000000005772b800 flushing nmethod 0x00000000030ac8d0
Event: 18.336 Thread 0x000000005772b800 flushing nmethod 0x00000000030c4e90


Dynamic libraries:
0x000000013fca0000 - 0x000000013fcd1000 	D:\ProgramFiles\AndroidStudio\jre\bin\java.exe
0x0000000076fa0000 - 0x000000007714a000 	C:\Windows\SYSTEM32\ntdll.dll
0x0000000076e80000 - 0x0000000076f9f000 	C:\Windows\system32\kernel32.dll
0x000007fefcd40000 - 0x000007fefcdaa000 	C:\Windows\system32\KERNELBASE.dll
0x000007fefd500000 - 0x000007fefd5db000 	C:\Windows\system32\ADVAPI32.dll
0x000007fefdb10000 - 0x000007fefdbaf000 	C:\Windows\system32\msvcrt.dll
0x000007fefdc10000 - 0x000007fefdc2f000 	C:\Windows\SYSTEM32\sechost.dll
0x000007fefeea0000 - 0x000007fefefcd000 	C:\Windows\system32\RPCRT4.dll
0x0000000076d80000 - 0x0000000076e7a000 	C:\Windows\system32\USER32.dll
0x000007fefd130000 - 0x000007fefd197000 	C:\Windows\system32\GDI32.dll
0x000007fefdc00000 - 0x000007fefdc0e000 	C:\Windows\system32\LPK.dll
0x000007fefefd0000 - 0x000007feff09a000 	C:\Windows\system32\USP10.dll
0x000007fefaeb0000 - 0x000007fefb0a4000 	C:\Windows\WinSxS\amd64_microsoft.windows.common-controls_6595b64144ccf1df_6.0.7601.18837_none_fa3b1e3d17594757\COMCTL32.dll
0x000007fefd0b0000 - 0x000007fefd121000 	C:\Windows\system32\SHLWAPI.dll
0x000007fefdc30000 - 0x000007fefdc5e000 	C:\Windows\system32\IMM32.DLL
0x000007fefd5e0000 - 0x000007fefd6e9000 	C:\Windows\system32\MSCTF.dll
0x000007fefcc00000 - 0x000007fefcc32000 	C:\Windows\system32\nvinitx.dll
0x000007fefcbf0000 - 0x000007fefcbfc000 	C:\Windows\system32\VERSION.dll
0x00000000748f0000 - 0x00000000748f6000 	C:\Program Files\NVIDIA Corporation\CoProcManager\detoured.dll
0x000007fef9e70000 - 0x000007fef9ea8000 	C:\Program Files\NVIDIA Corporation\CoProcManager\nvd3d9wrapx.dll
0x000007fefdc60000 - 0x000007fefde37000 	C:\Windows\system32\SETUPAPI.dll
0x000007fefce90000 - 0x000007fefcec6000 	C:\Windows\system32\CFGMGR32.dll
0x000007fefd220000 - 0x000007fefd2fa000 	C:\Windows\system32\OLEAUT32.dll
0x000007feff0a0000 - 0x000007feff2a3000 	C:\Windows\system32\ole32.dll
0x000007fefd040000 - 0x000007fefd05a000 	C:\Windows\system32\DEVOBJ.dll
0x000007fef9e40000 - 0x000007fef9e64000 	C:\Program Files\NVIDIA Corporation\CoProcManager\nvdxgiwrapx.dll
0x0000000072920000 - 0x00000000729f2000 	D:\ProgramFiles\AndroidStudio\jre\jre\bin\msvcr100.dll
0x000000006d200000 - 0x000000006da34000 	D:\ProgramFiles\AndroidStudio\jre\jre\bin\server\jvm.dll
0x000007fef0fa0000 - 0x000007fef0fa9000 	C:\Windows\system32\WSOCK32.dll
0x000007fefdbb0000 - 0x000007fefdbfd000 	C:\Windows\system32\WS2_32.dll
0x000007fefd4f0000 - 0x000007fefd4f8000 	C:\Windows\system32\NSI.dll
0x000007fef8a60000 - 0x000007fef8a9b000 	C:\Windows\system32\WINMM.dll
0x0000000077160000 - 0x0000000077167000 	C:\Windows\system32\PSAPI.DLL
0x000007fed7a50000 - 0x000007fed7a5f000 	D:\ProgramFiles\AndroidStudio\jre\jre\bin\verify.dll
0x000007fed7380000 - 0x000007fed73a9000 	D:\ProgramFiles\AndroidStudio\jre\jre\bin\java.dll
0x000007fed72c0000 - 0x000007fed72d6000 	D:\ProgramFiles\AndroidStudio\jre\jre\bin\zip.dll
0x000007fefe110000 - 0x000007fefee9a000 	C:\Windows\system32\SHELL32.dll
0x000007fefcce0000 - 0x000007fefccef000 	C:\Windows\system32\profapi.dll
0x000007fed7290000 - 0x000007fed72aa000 	D:\ProgramFiles\AndroidStudio\jre\jre\bin\net.dll
0x000007fefc460000 - 0x000007fefc4b5000 	C:\Windows\system32\mswsock.dll
0x000007fefc450000 - 0x000007fefc457000 	C:\Windows\System32\wship6.dll
0x000007fed7270000 - 0x000007fed7281000 	D:\ProgramFiles\AndroidStudio\jre\jre\bin\nio.dll
0x000007fed83e0000 - 0x000007fed83f2000 	C:\Users\ganedu\.gradle\native\19\windows-amd64\native-platform.dll
0x000007fefc4c0000 - 0x000007fefc4d8000 	C:\Windows\system32\CRYPTSP.dll
0x000007fefc1c0000 - 0x000007fefc207000 	C:\Windows\system32\rsaenh.dll
0x000007fefd070000 - 0x000007fefd08e000 	C:\Windows\system32\USERENV.dll
0x000007fefcb20000 - 0x000007fefcb2f000 	C:\Windows\system32\CRYPTBASE.dll
0x000007fef9d70000 - 0x000007fef9d97000 	C:\Windows\system32\IPHLPAPI.DLL
0x000007fef9d60000 - 0x000007fef9d6b000 	C:\Windows\system32\WINNSI.DLL
0x000007fef8350000 - 0x000007fef8368000 	C:\Windows\system32\dhcpcsvc.DLL
0x000007fef8250000 - 0x000007fef8261000 	C:\Windows\system32\dhcpcsvc6.DLL
0x000007fefa6b0000 - 0x000007fefa6bd000 	D:\ProgramFiles\AndroidStudio\jre\jre\bin\management.dll
0x000007fefcac0000 - 0x000007fefcb17000 	C:\Windows\system32\apphelp.dll

VM Arguments:
jvm_args: -Xmx1536m -Dfile.encoding=x-windows-949 -Duser.country=KR -Duser.language=ko -Duser.variant 
java_command: org.gradle.launcher.daemon.bootstrap.GradleDaemon 2.14.1
java_class_path (initial): D:\ProgramFiles\AndroidStudio\gradle\gradle-2.14.1\lib\gradle-launcher-2.14.1.jar
Launcher Type: SUN_STANDARD

Environment Variables:
JAVA_HOME=C:\Program Files\Java\jdk1.7.0_79
PATH=C:\Windows\system32;C:\Windows;C:\Windows\System32\Wbem;C:\Windows\System32\WindowsPowerShell\v1.0\;C:\Program Files (x86)\NVIDIA Corporation\PhysX\Common;C:\Program Files\Java\jdk1.7.0_79\bin;C:\Program Files (x86)\Google\Cloud SDK\google-cloud-sdk\bin;D:\Android_SDK\Sdk\tools;D:\Android_SDK\Sdk\platform-tools;%MAVENHOME%\bin;C:\Windows\system32\config\systemprofile\.dnx\bin;C:\Program Files\Microsoft DNX\Dnvm\;C:\Program Files\Microsoft SQL Server\130\Tools\Binn\;C:\Program Files (x86)\GtkSharp\2.12\bin;D:\ProgramFiles\;C:\Program Files\Git\cmd;C:\Program Files\Bandizip\7z
USERNAME=ganedu
OS=Windows_NT
PROCESSOR_IDENTIFIER=Intel64 Family 6 Model 60 Stepping 3, GenuineIntel



---------------  S Y S T E M  ---------------

OS: Windows 7 , 64 bit Build 7601 (6.1.7601.23572)

CPU:total 4 (2 cores per cpu, 2 threads per core) family 6 model 60 stepping 3, cmov, cx8, fxsr, mmx, sse, sse2, sse3, ssse3, sse4.1, sse4.2, popcnt, avx, avx2, aes, clmul, erms, lzcnt, ht, tsc, tscinvbit, bmi1, bmi2

Memory: 4k page, physical 8096228k(901192k free), swap 8094368k(5080k free)

vm_info: OpenJDK 64-Bit Server VM (25.76-b03) for windows-amd64 JRE (1.8.0_76-release-b03), built on Jun 29 2016 19:09:20 by "ralucas" with MS VC++ 10.0 (VS2010)

time: Thu Jul 06 12:02:28 2017
elapsed time: 18 seconds (0d 0h 0m 18s)

