#
# There is insufficient memory for the Java Runtime Environment to continue.
# Native memory allocation (malloc) failed to allocate 32744 bytes for ChunkPool::allocate
# Possible reasons:
#   The system is out of physical RAM or swap space
#   In 32 bit mode, the process size limit was hit
# Possible solutions:
#   Reduce memory load on the system
#   Increase physical memory or swap space
#   Check if swap backing store is full
#   Use 64 bit Java on a 64 bit OS
#   Decrease Java heap size (-Xmx/-Xms)
#   Decrease number of Java threads
#   Decrease Java thread stack sizes (-Xss)
#   Set larger code cache with -XX:ReservedCodeCacheSize=
# This output file may be truncated or incomplete.
#
#  Out of Memory Error (allocation.cpp:273), pid=5584, tid=0x0000000000000508
#
# JRE version: OpenJDK Runtime Environment (8.0_76-b03) (build 1.8.0_76-release-b03)
# Java VM: OpenJDK 64-Bit Server VM (25.76-b03 mixed mode windows-amd64 compressed oops)
# Failed to write core dump. Minidumps are not enabled by default on client versions of Windows
#

---------------  T H R E A D  ---------------

Current thread (0x000000005777b000):  JavaThread "C2 CompilerThread0" daemon [_thread_in_native, id=1288, stack(0x0000000057f10000,0x0000000058010000)]

Stack: [0x0000000057f10000,0x0000000058010000]
[error occurred during error reporting (printing stack bounds), id 0xc0000005]

Native frames: (J=compiled Java code, j=interpreted, Vv=VM code, C=native code)


Current CompileTask:
C2:4587546 17090       4       org.codehaus.groovy.runtime.metaclass.MetaMethodIndex::isMatchingMethod (68 bytes)


---------------  P R O C E S S  ---------------

Java Threads: ( => current thread )
  0x000000005c5b5000 JavaThread "Stdin handler" [_thread_blocked, id=1316, stack(0x0000000067130000,0x0000000067230000)]
  0x000000005c5b4800 JavaThread "Asynchronous log dispatcher for org.gradle.launcher.daemon.server.DefaultDaemonConnection@126236dc" [_thread_blocked, id=3272, stack(0x0000000064f70000,0x0000000065070000)]
  0x000000005c5b1800 JavaThread "Daemon worker Thread 4" [_thread_in_vm, id=8768, stack(0x00000000624e0000,0x00000000625e0000)]
  0x000000005c5b3000 JavaThread "Cancel handler" [_thread_blocked, id=5056, stack(0x000000005a9d0000,0x000000005aad0000)]
  0x000000005c5b2000 JavaThread "Handler for socket connection from /127.0.0.1:1113 to /127.0.0.1:6344" [_thread_in_native, id=9148, stack(0x000000005a640000,0x000000005a740000)]
  0x000000005c5b0800 JavaThread "Daemon Thread 4" [_thread_blocked, id=7752, stack(0x000000005a420000,0x000000005a520000)]
  0x000000005c75f000 JavaThread "pool-18-thread-4" [_thread_blocked, id=8468, stack(0x0000000067dc0000,0x0000000067ec0000)]
  0x000000005c5b7800 JavaThread "pool-18-thread-3" [_thread_blocked, id=6784, stack(0x0000000066c50000,0x0000000066d50000)]
  0x000000005c5b8000 JavaThread "pool-18-thread-2" [_thread_blocked, id=8144, stack(0x0000000067c70000,0x0000000067d70000)]
  0x000000005c5b6000 JavaThread "pool-18-thread-1" [_thread_blocked, id=5720, stack(0x0000000067b50000,0x0000000067c50000)]
  0x000000005c75c000 JavaThread "stdout" daemon [_thread_in_native, id=3048, stack(0x0000000067030000,0x0000000067130000)]
  0x000000005c75b000 JavaThread "stderr" daemon [_thread_in_native, id=3320, stack(0x0000000066f10000,0x0000000067010000)]
  0x000000005c75a800 JavaThread "stdout" daemon [_thread_in_native, id=8852, stack(0x0000000066d50000,0x0000000066e50000)]
  0x000000005c759800 JavaThread "stderr" daemon [_thread_in_native, id=8304, stack(0x0000000066b10000,0x0000000066c10000)]
  0x000000005c759000 JavaThread "stdout" daemon [_thread_in_native, id=8256, stack(0x0000000066920000,0x0000000066a20000)]
  0x000000005cefe000 JavaThread "stderr" daemon [_thread_in_native, id=8252, stack(0x0000000065e90000,0x0000000065f90000)]
  0x000000005cefd000 JavaThread "stdout" daemon [_thread_in_native, id=7452, stack(0x0000000066790000,0x0000000066890000)]
  0x000000005cefc800 JavaThread "stderr" daemon [_thread_in_native, id=3316, stack(0x00000000663c0000,0x00000000664c0000)]
  0x000000005cefb800 JavaThread "stdout" daemon [_thread_in_native, id=7040, stack(0x0000000064470000,0x0000000064570000)]
  0x000000005cefb000 JavaThread "stderr" daemon [_thread_in_native, id=7616, stack(0x0000000065c10000,0x0000000065d10000)]
  0x000000005cefa000 JavaThread "stdout" daemon [_thread_in_native, id=5672, stack(0x0000000066650000,0x0000000066750000)]
  0x000000005cef9800 JavaThread "stderr" daemon [_thread_in_native, id=7328, stack(0x00000000664c0000,0x00000000665c0000)]
  0x000000005cef8800 JavaThread "stdout" daemon [_thread_in_native, id=6736, stack(0x00000000662b0000,0x00000000663b0000)]
  0x000000005cef8000 JavaThread "stderr" daemon [_thread_in_native, id=8368, stack(0x00000000660e0000,0x00000000661e0000)]
  0x000000005cef7000 JavaThread "stdout" daemon [_thread_in_native, id=8408, stack(0x0000000065fa0000,0x00000000660a0000)]
  0x000000005cb14800 JavaThread "stderr" daemon [_thread_in_native, id=5524, stack(0x0000000065d30000,0x0000000065e30000)]
  0x000000005cb13800 JavaThread "stdout" daemon [_thread_in_native, id=5160, stack(0x0000000065b00000,0x0000000065c00000)]
  0x000000005cb13000 JavaThread "stderr" daemon [_thread_in_native, id=6900, stack(0x00000000659f0000,0x0000000065af0000)]
  0x000000005cb12000 JavaThread "stdout" daemon [_thread_in_native, id=8044, stack(0x00000000658d0000,0x00000000659d0000)]
  0x000000005cb11800 JavaThread "stderr" daemon [_thread_in_native, id=2372, stack(0x0000000065760000,0x0000000065860000)]
  0x000000005cb10800 JavaThread "stdout" daemon [_thread_in_native, id=8680, stack(0x0000000064830000,0x0000000064930000)]
  0x000000005cb10000 JavaThread "stderr" daemon [_thread_in_native, id=5640, stack(0x0000000065620000,0x0000000065720000)]
  0x000000005cb0f000 JavaThread "stdout" daemon [_thread_in_native, id=9056, stack(0x00000000654c0000,0x00000000655c0000)]
  0x000000005cb0e800 JavaThread "stderr" daemon [_thread_in_native, id=8476, stack(0x0000000064d50000,0x0000000064e50000)]
  0x000000005cb0d800 JavaThread "stdout" daemon [_thread_in_native, id=8088, stack(0x0000000065350000,0x0000000065450000)]
  0x000000005bfc6000 JavaThread "stderr" daemon [_thread_in_native, id=8724, stack(0x0000000065170000,0x0000000065270000)]
  0x000000005bfc4800 JavaThread "stdout" daemon [_thread_in_native, id=7640, stack(0x0000000064e50000,0x0000000064f50000)]
  0x000000005bfc3800 JavaThread "stderr" daemon [_thread_in_native, id=8100, stack(0x0000000064a90000,0x0000000064b90000)]
  0x000000005bfc3000 JavaThread "stdout" daemon [_thread_in_native, id=6852, stack(0x0000000064be0000,0x0000000064ce0000)]
  0x000000005bfc2000 JavaThread "stderr" daemon [_thread_in_native, id=7568, stack(0x0000000064940000,0x0000000064a40000)]
  0x000000005bfc1800 JavaThread "stdout" daemon [_thread_in_native, id=8016, stack(0x0000000064730000,0x0000000064830000)]
  0x000000005bfc0800 JavaThread "stderr" daemon [_thread_in_native, id=2616, stack(0x0000000064200000,0x0000000064300000)]
  0x000000005bfc0000 JavaThread "stdout" daemon [_thread_in_native, id=8056, stack(0x0000000064580000,0x0000000064680000)]
  0x000000005bfbf000 JavaThread "stderr" daemon [_thread_in_native, id=5836, stack(0x0000000064370000,0x0000000064470000)]
  0x000000005b5c3000 JavaThread "stdout" daemon [_thread_in_native, id=9080, stack(0x0000000063fc0000,0x00000000640c0000)]
  0x000000005b5c2800 JavaThread "stderr" daemon [_thread_in_native, id=2964, stack(0x00000000640e0000,0x00000000641e0000)]
  0x000000005b5c1800 JavaThread "stdout" daemon [_thread_in_native, id=7852, stack(0x0000000063990000,0x0000000063a90000)]
  0x000000005b5c1000 JavaThread "stderr" daemon [_thread_in_native, id=7896, stack(0x0000000063e80000,0x0000000063f80000)]
  0x000000005b5c0000 JavaThread "stdout" daemon [_thread_in_native, id=8976, stack(0x0000000063d40000,0x0000000063e40000)]
  0x000000005b5bf800 JavaThread "stderr" daemon [_thread_in_native, id=8444, stack(0x0000000063510000,0x0000000063610000)]
  0x000000005b5be800 JavaThread "png-cruncher_20" daemon [_thread_blocked, id=7220, stack(0x0000000063c20000,0x0000000063d20000)]
  0x000000005b5be000 JavaThread "png-cruncher_19" daemon [_thread_blocked, id=4148, stack(0x0000000063aa0000,0x0000000063ba0000)]
  0x000000005b5bd000 JavaThread "png-cruncher_18" daemon [_thread_blocked, id=8576, stack(0x0000000063780000,0x0000000063880000)]
  0x000000005b5bc800 JavaThread "png-cruncher_17" daemon [_thread_blocked, id=5156, stack(0x0000000063880000,0x0000000063980000)]
  0x00000000599cc800 JavaThread "png-cruncher_16" daemon [_thread_blocked, id=1552, stack(0x0000000063670000,0x0000000063770000)]
  0x00000000599cc000 JavaThread "png-cruncher_15" daemon [_thread_blocked, id=6224, stack(0x00000000633f0000,0x00000000634f0000)]
  0x00000000599cb000 JavaThread "png-cruncher_14" daemon [_thread_blocked, id=8500, stack(0x0000000063260000,0x0000000063360000)]
  0x00000000599ca800 JavaThread "png-cruncher_13" daemon [_thread_blocked, id=492, stack(0x0000000062fb0000,0x00000000630b0000)]
  0x00000000599c9800 JavaThread "png-cruncher_12" daemon [_thread_blocked, id=9120, stack(0x0000000063140000,0x0000000063240000)]
  0x00000000599c9000 JavaThread "png-cruncher_11" daemon [_thread_blocked, id=960, stack(0x0000000062e70000,0x0000000062f70000)]
  0x00000000599c8000 JavaThread "png-cruncher_10" daemon [_thread_blocked, id=9060, stack(0x0000000061840000,0x0000000061940000)]
  0x00000000599c7800 JavaThread "png-cruncher_9" daemon [_thread_blocked, id=4220, stack(0x0000000062d30000,0x0000000062e30000)]
  0x00000000599c6800 JavaThread "png-cruncher_8" daemon [_thread_blocked, id=8472, stack(0x0000000062ba0000,0x0000000062ca0000)]
  0x00000000599c6000 JavaThread "png-cruncher_7" daemon [_thread_blocked, id=7956, stack(0x00000000626f0000,0x00000000627f0000)]
  0x000000005c5bc800 JavaThread "png-cruncher_6" daemon [_thread_blocked, id=4360, stack(0x00000000629c0000,0x0000000062ac0000)]
  0x000000005c5bc000 JavaThread "png-cruncher_5" daemon [_thread_blocked, id=7100, stack(0x0000000062860000,0x0000000062960000)]
  0x000000005c5bb000 JavaThread "png-cruncher_4" daemon [_thread_blocked, id=7988, stack(0x00000000603d0000,0x00000000604d0000)]
  0x000000005c5ba800 JavaThread "png-cruncher_3" daemon [_thread_blocked, id=3312, stack(0x00000000625e0000,0x00000000626e0000)]
  0x000000005c5b9800 JavaThread "png-cruncher_2" daemon [_thread_blocked, id=7800, stack(0x0000000060740000,0x0000000060840000)]
  0x000000005c5b9000 JavaThread "png-cruncher_1" daemon [_thread_blocked, id=2164, stack(0x00000000621b0000,0x00000000622b0000)]
  0x0000000059d9f800 JavaThread "File lock request listener" [_thread_in_native, id=6680, stack(0x000000005c150000,0x000000005c250000)]
  0x00000000593dc000 JavaThread "pool-1-thread-1" [_thread_blocked, id=5380, stack(0x0000000059dc0000,0x0000000059ec0000)]
  0x0000000058fc0000 JavaThread "Incoming local TCP Connector on port 1113" [_thread_in_native, id=5768, stack(0x000000005a040000,0x000000005a140000)]
  0x00000000577f9800 JavaThread "Service Thread" daemon [_thread_blocked, id=1692, stack(0x00000000574e0000,0x00000000575e0000)]
  0x000000005778c800 JavaThread "C1 CompilerThread2" daemon [_thread_blocked, id=7048, stack(0x00000000582d0000,0x00000000583d0000)]
  0x000000005652f000 JavaThread "C2 CompilerThread1" daemon [_thread_in_native, id=1640, stack(0x00000000580e0000,0x00000000581e0000)]
=>0x000000005777b000 JavaThread "C2 CompilerThread0" daemon [_thread_in_native, id=1288, stack(0x0000000057f10000,0x0000000058010000)]
  0x000000005777a000 JavaThread "Attach Listener" daemon [_thread_blocked, id=8032, stack(0x0000000057d70000,0x0000000057e70000)]
  0x0000000057779800 JavaThread "Signal Dispatcher" daemon [_thread_blocked, id=8036, stack(0x0000000057c70000,0x0000000057d70000)]
  0x0000000056508000 JavaThread "Finalizer" daemon [_thread_blocked, id=7296, stack(0x0000000057670000,0x0000000057770000)]
  0x00000000564be800 JavaThread "Reference Handler" daemon [_thread_blocked, id=4660, stack(0x00000000573e0000,0x00000000574e0000)]
  0x000000000243d800 JavaThread "main" [_thread_blocked, id=5852, stack(0x00000000026e0000,0x00000000027e0000)]

Other Threads:
  0x00000000564b9000 VMThread [stack: 0x0000000057290000,0x0000000057390000] [id=8156]
  0x0000000057804800 WatcherThread [stack: 0x0000000057b70000,0x0000000057c70000] [id=4252]

VM state:not at safepoint (normal execution)

VM Mutex/Monitor currently owned by a thread: None

Heap:
 PSYoungGen      total 461312K, used 102981K [0x00000000e0000000, 0x0000000100000000, 0x0000000100000000)
  eden space 398336K, 25% used [0x00000000e0000000,0x00000000e64915c8,0x00000000f8500000)
  from space 62976K, 0% used [0x00000000fc280000,0x00000000fc280000,0x0000000100000000)
  to   space 62976K, 0% used [0x00000000f8500000,0x00000000f8500000,0x00000000fc280000)
 ParOldGen       total 177152K, used 38670K [0x00000000a0000000, 0x00000000aad00000, 0x00000000e0000000)
  object space 177152K, 21% used [0x00000000a0000000,0x00000000a25c3bb0,0x00000000aad00000)
 Metaspace       used 72139K, capacity 74368K, committed 76976K, reserved 1116160K
  class space    used 9045K, capacity 9439K, committed 10160K, reserved 1048576K

Card table byte_map: [0x0000000011ba0000,0x0000000011eb0000] byte_map_base: 0x00000000116a0000

Marking Bits: (ParMarkBitMap*) 0x000000006e0a9d00
 Begin Bits: [0x0000000012830000, 0x0000000014030000)
 End Bits:   [0x0000000014030000, 0x0000000015830000)

Polling page: 0x0000000000240000

CodeCache: size=245760Kb used=48161Kb max_used=48179Kb free=197598Kb
 bounds [0x00000000027e0000, 0x0000000005730000, 0x00000000117e0000]
 total_blobs=14546 nmethods=13773 adapters=685
 compilation: enabled

Compilation events (10 events):
Event: 4585.888 Thread 0x000000005777b000 nmethod 17087 0x0000000005725950 code [0x0000000005725e00, 0x0000000005729e10]
Event: 4585.927 Thread 0x000000005778c800 17089       3       org.gradle.api.internal.changedetection.state.CacheAccessingFileSnapshotter$4::create (5 bytes)
Event: 4585.927 Thread 0x000000005778c800 nmethod 17089 0x000000000571dc90 code [0x000000000571de00, 0x000000000571e0a8]
Event: 4585.953 Thread 0x000000005777b000 17090       4       org.codehaus.groovy.runtime.metaclass.MetaMethodIndex::isMatchingMethod (68 bytes)
Event: 4585.981 Thread 0x000000005778c800 17093       3       com.google.common.primitives.Ints::saturatedCast (25 bytes)
Event: 4585.981 Thread 0x000000005778c800 nmethod 17093 0x000000000571d8d0 code [0x000000000571da20, 0x000000000571dc10]
Event: 4585.982 Thread 0x000000005778c800 17094       3       org.gradle.internal.logging.sink.ProgressLogEventGenerator::onStart (70 bytes)
Event: 4585.983 Thread 0x000000005778c800 nmethod 17094 0x000000000571cd90 code [0x000000000571cf60, 0x000000000571d678]
Event: 4585.991 Thread 0x000000005778c800 17096       3       com.google.gson.internal.Excluder::isAnonymousOrLocal (30 bytes)
Event: 4585.992 Thread 0x000000005778c800 nmethod 17096 0x000000000571bc90 code [0x000000000571bea0, 0x000000000571c9e8]

GC Heap History (10 events):
Event: 3873.723 GC heap before
{Heap before GC invocations=24 (full 5):
 PSYoungGen      total 361984K, used 321024K [0x00000000e0000000, 0x00000000fa180000, 0x0000000100000000)
  eden space 321024K, 100% used [0x00000000e0000000,0x00000000f3980000,0x00000000f3980000)
  from space 40960K, 0% used [0x00000000f6980000,0x00000000f6980000,0x00000000f9180000)
  to   space 49152K, 0% used [0x00000000f3980000,0x00000000f3980000,0x00000000f6980000)
 ParOldGen       total 177152K, used 70709K [0x00000000a0000000, 0x00000000aad00000, 0x00000000e0000000)
  object space 177152K, 39% used [0x00000000a0000000,0x00000000a450d5e8,0x00000000aad00000)
 Metaspace       used 70819K, capacity 72908K, committed 76976K, reserved 1116160K
  class space    used 8871K, capacity 9235K, committed 10160K, reserved 1048576K
Event: 3873.777 GC heap after
Heap after GC invocations=24 (full 5):
 PSYoungGen      total 370176K, used 23427K [0x00000000e0000000, 0x00000000fe080000, 0x0000000100000000)
  eden space 321024K, 0% used [0x00000000e0000000,0x00000000e0000000,0x00000000f3980000)
  from space 49152K, 47% used [0x00000000f3980000,0x00000000f5060c50,0x00000000f6980000)
  to   space 47104K, 0% used [0x00000000fb280000,0x00000000fb280000,0x00000000fe080000)
 ParOldGen       total 177152K, used 70709K [0x00000000a0000000, 0x00000000aad00000, 0x00000000e0000000)
  object space 177152K, 39% used [0x00000000a0000000,0x00000000a450d5e8,0x00000000aad00000)
 Metaspace       used 70819K, capacity 72908K, committed 76976K, reserved 1116160K
  class space    used 8871K, capacity 9235K, committed 10160K, reserved 1048576K
}
Event: 3874.899 GC heap before
{Heap before GC invocations=25 (full 5):
 PSYoungGen      total 370176K, used 344451K [0x00000000e0000000, 0x00000000fe080000, 0x0000000100000000)
  eden space 321024K, 100% used [0x00000000e0000000,0x00000000f3980000,0x00000000f3980000)
  from space 49152K, 47% used [0x00000000f3980000,0x00000000f5060c50,0x00000000f6980000)
  to   space 47104K, 0% used [0x00000000fb280000,0x00000000fb280000,0x00000000fe080000)
 ParOldGen       total 177152K, used 70709K [0x00000000a0000000, 0x00000000aad00000, 0x00000000e0000000)
  object space 177152K, 39% used [0x00000000a0000000,0x00000000a450d5e8,0x00000000aad00000)
 Metaspace       used 70844K, capacity 72972K, committed 76976K, reserved 1116160K
  class space    used 8872K, capacity 9235K, committed 10160K, reserved 1048576K
Event: 3875.037 GC heap after
Heap after GC invocations=25 (full 5):
 PSYoungGen      total 435200K, used 47072K [0x00000000e0000000, 0x00000000ffd80000, 0x0000000100000000)
  eden space 388096K, 0% used [0x00000000e0000000,0x00000000e0000000,0x00000000f7b00000)
  from space 47104K, 99% used [0x00000000fb280000,0x00000000fe078290,0x00000000fe080000)
  to   space 56832K, 0% used [0x00000000f7b00000,0x00000000f7b00000,0x00000000fb280000)
 ParOldGen       total 177152K, used 78455K [0x00000000a0000000, 0x00000000aad00000, 0x00000000e0000000)
  object space 177152K, 44% used [0x00000000a0000000,0x00000000a4c9ddb8,0x00000000aad00000)
 Metaspace       used 70844K, capacity 72972K, committed 76976K, reserved 1116160K
  class space    used 8872K, capacity 9235K, committed 10160K, reserved 1048576K
}
Event: 3876.452 GC heap before
{Heap before GC invocations=26 (full 5):
 PSYoungGen      total 435200K, used 434696K [0x00000000e0000000, 0x00000000ffd80000, 0x0000000100000000)
  eden space 388096K, 99% used [0x00000000e0000000,0x00000000f7a89dc8,0x00000000f7b00000)
  from space 47104K, 99% used [0x00000000fb280000,0x00000000fe078290,0x00000000fe080000)
  to   space 56832K, 0% used [0x00000000f7b00000,0x00000000f7b00000,0x00000000fb280000)
 ParOldGen       total 177152K, used 78455K [0x00000000a0000000, 0x00000000aad00000, 0x00000000e0000000)
  object space 177152K, 44% used [0x00000000a0000000,0x00000000a4c9ddb8,0x00000000aad00000)
 Metaspace       used 71858K, capacity 73972K, committed 76976K, reserved 1116160K
  class space    used 9007K, capacity 9373K, committed 10160K, reserved 1048576K
Event: 3876.511 GC heap after
Heap after GC invocations=26 (full 5):
 PSYoungGen      total 444928K, used 49350K [0x00000000e0000000, 0x0000000100000000, 0x0000000100000000)
  eden space 388096K, 0% used [0x00000000e0000000,0x00000000e0000000,0x00000000f7b00000)
  from space 56832K, 86% used [0x00000000f7b00000,0x00000000fab31848,0x00000000fb280000)
  to   space 62976K, 0% used [0x00000000fc280000,0x00000000fc280000,0x0000000100000000)
 ParOldGen       total 177152K, used 78463K [0x00000000a0000000, 0x00000000aad00000, 0x00000000e0000000)
  object space 177152K, 44% used [0x00000000a0000000,0x00000000a4c9fdb8,0x00000000aad00000)
 Metaspace       used 71858K, capacity 73972K, committed 76976K, reserved 1116160K
  class space    used 9007K, capacity 9373K, committed 10160K, reserved 1048576K
}
Event: 3876.745 GC heap before
{Heap before GC invocations=27 (full 5):
 PSYoungGen      total 444928K, used 156835K [0x00000000e0000000, 0x0000000100000000, 0x0000000100000000)
  eden space 388096K, 27% used [0x00000000e0000000,0x00000000e68f7768,0x00000000f7b00000)
  from space 56832K, 86% used [0x00000000f7b00000,0x00000000fab31848,0x00000000fb280000)
  to   space 62976K, 0% used [0x00000000fc280000,0x00000000fc280000,0x0000000100000000)
 ParOldGen       total 177152K, used 78463K [0x00000000a0000000, 0x00000000aad00000, 0x00000000e0000000)
  object space 177152K, 44% used [0x00000000a0000000,0x00000000a4c9fdb8,0x00000000aad00000)
 Metaspace       used 71972K, capacity 74100K, committed 76976K, reserved 1116160K
  class space    used 9023K, capacity 9409K, committed 10160K, reserved 1048576K
Event: 3876.824 GC heap after
Heap after GC invocations=27 (full 5):
 PSYoungGen      total 461312K, used 37351K [0x00000000e0000000, 0x0000000100000000, 0x0000000100000000)
  eden space 398336K, 0% used [0x00000000e0000000,0x00000000e0000000,0x00000000f8500000)
  from space 62976K, 59% used [0x00000000fc280000,0x00000000fe6f9c88,0x0000000100000000)
  to   space 62976K, 0% used [0x00000000f8500000,0x00000000f8500000,0x00000000fc280000)
 ParOldGen       total 177152K, used 85256K [0x00000000a0000000, 0x00000000aad00000, 0x00000000e0000000)
  object space 177152K, 48% used [0x00000000a0000000,0x00000000a5342158,0x00000000aad00000)
 Metaspace       used 71972K, capacity 74100K, committed 76976K, reserved 1116160K
  class space    used 9023K, capacity 9409K, committed 10160K, reserved 1048576K
}
Event: 3876.825 GC heap before
{Heap before GC invocations=28 (full 6):
 PSYoungGen      total 461312K, used 37351K [0x00000000e0000000, 0x0000000100000000, 0x0000000100000000)
  eden space 398336K, 0% used [0x00000000e0000000,0x00000000e0000000,0x00000000f8500000)
  from space 62976K, 59% used [0x00000000fc280000,0x00000000fe6f9c88,0x0000000100000000)
  to   space 62976K, 0% used [0x00000000f8500000,0x00000000f8500000,0x00000000fc280000)
 ParOldGen       total 177152K, used 85256K [0x00000000a0000000, 0x00000000aad00000, 0x00000000e0000000)
  object space 177152K, 48% used [0x00000000a0000000,0x00000000a5342158,0x00000000aad00000)
 Metaspace       used 71972K, capacity 74100K, committed 76976K, reserved 1116160K
  class space    used 9023K, capacity 9409K, committed 10160K, reserved 1048576K
Event: 3877.119 GC heap after
Heap after GC invocations=28 (full 6):
 PSYoungGen      total 461312K, used 0K [0x00000000e0000000, 0x0000000100000000, 0x0000000100000000)
  eden space 398336K, 0% used [0x00000000e0000000,0x00000000e0000000,0x00000000f8500000)
  from space 62976K, 0% used [0x00000000fc280000,0x00000000fc280000,0x0000000100000000)
  to   space 62976K, 0% used [0x00000000f8500000,0x00000000f8500000,0x00000000fc280000)
 ParOldGen       total 177152K, used 38670K [0x00000000a0000000, 0x00000000aad00000, 0x00000000e0000000)
  object space 177152K, 21% used [0x00000000a0000000,0x00000000a25c3bb0,0x00000000aad00000)
 Metaspace       used 71931K, capacity 73986K, committed 76976K, reserved 1116160K
  class space    used 9013K, capacity 9390K, committed 10160K, reserved 1048576K
}

Deoptimization events (10 events):
Event: 4584.318 Thread 0x000000005c5b1800 Uncommon trap: reason=unstable_if action=reinterpret pc=0x0000000002c3f3f8 method=java.lang.ref.SoftReference.get()Ljava/lang/Object; @ 6
Event: 4584.322 Thread 0x000000005c5b1800 Uncommon trap: reason=unstable_if action=reinterpret pc=0x0000000003aba588 method=java.lang.ref.SoftReference.get()Ljava/lang/Object; @ 6
Event: 4584.322 Thread 0x000000005c5b1800 Uncommon trap: reason=unstable_if action=reinterpret pc=0x000000000342a874 method=java.lang.ref.SoftReference.get()Ljava/lang/Object; @ 6
Event: 4584.322 Thread 0x000000005c5b1800 Uncommon trap: reason=unstable_if action=reinterpret pc=0x0000000003019e08 method=java.lang.ref.SoftReference.get()Ljava/lang/Object; @ 6
Event: 4584.329 Thread 0x000000005c5b1800 Uncommon trap: reason=unstable_if action=reinterpret pc=0x0000000003ccfaa4 method=java.lang.ref.SoftReference.get()Ljava/lang/Object; @ 6
Event: 4584.330 Thread 0x000000005c5b1800 Uncommon trap: reason=unstable_if action=reinterpret pc=0x00000000030abe3c method=java.lang.ref.SoftReference.get()Ljava/lang/Object; @ 6
Event: 4584.330 Thread 0x000000005c5b1800 Uncommon trap: reason=unstable_if action=reinterpret pc=0x000000000427f468 method=java.lang.ref.SoftReference.get()Ljava/lang/Object; @ 6
Event: 4584.337 Thread 0x000000005c5b1800 Uncommon trap: reason=unstable_if action=reinterpret pc=0x00000000033cd538 method=java.lang.ref.SoftReference.get()Ljava/lang/Object; @ 6
Event: 4584.392 Thread 0x000000005c5b1800 Uncommon trap: reason=unstable_if action=reinterpret pc=0x00000000043baaac method=java.lang.ref.SoftReference.get()Ljava/lang/Object; @ 6
Event: 4584.401 Thread 0x000000005c5b1800 Uncommon trap: reason=unstable_if action=reinterpret pc=0x0000000002e88cf8 method=java.lang.Class$MethodArray.addIfNotPresent(Ljava/lang/reflect/Method;)V @ 31

Internal exceptions (10 events):
Event: 4584.043 Thread 0x000000005c5b1800 Exception <a 'java/lang/NoSuchMethodError': <clinit>> (0x00000000e06901a0) thrown at [C:\src\android\AOSP-openjdk\external\jetbrains\jdk\hotspot\src\share\vm\prims\jni.cpp, line 1591]
Event: 4584.044 Thread 0x000000005c5b1800 Exception <a 'java/lang/NoSuchMethodError': <clinit>> (0x00000000e06983c0) thrown at [C:\src\android\AOSP-openjdk\external\jetbrains\jdk\hotspot\src\share\vm\prims\jni.cpp, line 1591]
Event: 4584.060 Thread 0x000000005c5b1800 Exception <a 'java/lang/NoSuchMethodError': <clinit>> (0x00000000e06d4c40) thrown at [C:\src\android\AOSP-openjdk\external\jetbrains\jdk\hotspot\src\share\vm\prims\jni.cpp, line 1591]
Event: 4584.318 Thread 0x000000005c5b1800 Implicit null exception at 0x0000000002c3ee73 to 0x0000000002c3f3d9
Event: 4584.322 Thread 0x000000005c5b1800 Implicit null exception at 0x0000000003ab9b23 to 0x0000000003aba569
Event: 4584.322 Thread 0x000000005c5b1800 Implicit null exception at 0x000000000342a213 to 0x000000000342a861
Event: 4584.322 Thread 0x000000005c5b1800 Implicit null exception at 0x00000000030193a3 to 0x0000000003019de9
Event: 4584.330 Thread 0x000000005c5b1800 Implicit null exception at 0x00000000042779a0 to 0x000000000427f449
Event: 4584.333 Thread 0x000000005c5b1800 Exception <a 'java/lang/ClassNotFoundException': asLocalRepo354_7uiy5xlzj3yqsds5c9vla2upvBeanInfo> (0x00000000e0abeb18) thrown at [C:\src\android\AOSP-openjdk\external\jetbrains\jdk\hotspot\src\share\vm\classfile\systemDictionary.cpp, line 210]
Event: 4584.334 Thread 0x000000005c5b1800 Exception <a 'java/lang/ClassNotFoundException': asLocalRepo354_7uiy5xlzj3yqsds5c9vla2upvCustomizer> (0x00000000e0ac86b0) thrown at [C:\src\android\AOSP-openjdk\external\jetbrains\jdk\hotspot\src\share\vm\classfile\systemDictionary.cpp, line 210]

Events (10 events):
Event: 4585.983 loading class groovy/runtime/metaclass/build_amxb2amhgsekjt5l9mwh7xtsuMetaClass
Event: 4585.983 loading class groovy/runtime/metaclass/build_amxb2amhgsekjt5l9mwh7xtsuMetaClass done
Event: 4585.986 loading class groovy/runtime/metaclass/org/gradle/api/internal/plugins/DefaultObjectConfigurationActionMetaClass
Event: 4585.986 loading class groovy/runtime/metaclass/org/gradle/api/internal/plugins/DefaultObjectConfigurationActionMetaClass done
Event: 4585.987 loading class groovy/runtime/metaclass/java/lang/ObjectMetaClass
Event: 4585.987 loading class groovy/runtime/metaclass/java/lang/ObjectMetaClass done
Event: 4585.987 loading class groovy/runtime/metaclass/org/gradle/api/plugins/ObjectConfigurationActionMetaClass
Event: 4585.987 loading class groovy/runtime/metaclass/org/gradle/api/plugins/ObjectConfigurationActionMetaClass done
Event: 4585.989 Executing VM operation: RevokeBias
Event: 4585.989 Executing VM operation: RevokeBias done


Dynamic libraries:
0x000000013fee0000 - 0x000000013ff11000 	D:\ProgramFiles\AndroidStudio\jre\bin\java.exe
0x0000000077760000 - 0x000000007790a000 	C:\Windows\SYSTEM32\ntdll.dll
0x0000000077540000 - 0x000000007765f000 	C:\Windows\system32\kernel32.dll
0x000007fefd650000 - 0x000007fefd6ba000 	C:\Windows\system32\KERNELBASE.dll
0x000007fefdee0000 - 0x000007fefdfbb000 	C:\Windows\system32\ADVAPI32.dll
0x000007fefdfc0000 - 0x000007fefe05f000 	C:\Windows\system32\msvcrt.dll
0x000007feff5d0000 - 0x000007feff5ef000 	C:\Windows\SYSTEM32\sechost.dll
0x000007fefdca0000 - 0x000007fefddcd000 	C:\Windows\system32\RPCRT4.dll
0x0000000077660000 - 0x000000007775a000 	C:\Windows\system32\USER32.dll
0x000007fefde70000 - 0x000007fefded7000 	C:\Windows\system32\GDI32.dll
0x000007feff5f0000 - 0x000007feff5fe000 	C:\Windows\system32\LPK.dll
0x000007fefd960000 - 0x000007fefda2a000 	C:\Windows\system32\USP10.dll
0x000007fefb5b0000 - 0x000007fefb7a4000 	C:\Windows\WinSxS\amd64_microsoft.windows.common-controls_6595b64144ccf1df_6.0.7601.18837_none_fa3b1e3d17594757\COMCTL32.dll
0x000007fefe070000 - 0x000007fefe0e1000 	C:\Windows\system32\SHLWAPI.dll
0x000007fefef40000 - 0x000007fefef6e000 	C:\Windows\system32\IMM32.DLL
0x000007fefd850000 - 0x000007fefd959000 	C:\Windows\system32\MSCTF.dll
0x000007fefd3c0000 - 0x000007fefd3f2000 	C:\Windows\system32\nvinitx.dll
0x000007fefd3b0000 - 0x000007fefd3bc000 	C:\Windows\system32\VERSION.dll
0x00000000750b0000 - 0x00000000750b6000 	C:\Program Files\NVIDIA Corporation\CoProcManager\detoured.dll
0x000007fef99c0000 - 0x000007fef99f8000 	C:\Program Files\NVIDIA Corporation\CoProcManager\nvd3d9wrapx.dll
0x000007feff2c0000 - 0x000007feff497000 	C:\Windows\system32\SETUPAPI.dll
0x000007fefd7f0000 - 0x000007fefd826000 	C:\Windows\system32\CFGMGR32.dll
0x000007feff4a0000 - 0x000007feff57a000 	C:\Windows\system32\OLEAUT32.dll
0x000007fefda90000 - 0x000007fefdc93000 	C:\Windows\system32\ole32.dll
0x000007fefd6d0000 - 0x000007fefd6ea000 	C:\Windows\system32\DEVOBJ.dll
0x000007fef9990000 - 0x000007fef99b4000 	C:\Program Files\NVIDIA Corporation\CoProcManager\nvdxgiwrapx.dll
0x0000000070000000 - 0x00000000700d2000 	D:\ProgramFiles\AndroidStudio\jre\jre\bin\msvcr100.dll
0x000000006d8f0000 - 0x000000006e124000 	D:\ProgramFiles\AndroidStudio\jre\jre\bin\server\jvm.dll
0x000007fef34d0000 - 0x000007fef34d9000 	C:\Windows\system32\WSOCK32.dll
0x000007feff580000 - 0x000007feff5cd000 	C:\Windows\system32\WS2_32.dll
0x000007fefe060000 - 0x000007fefe068000 	C:\Windows\system32\NSI.dll
0x000007fef9240000 - 0x000007fef927b000 	C:\Windows\system32\WINMM.dll
0x0000000077930000 - 0x0000000077937000 	C:\Windows\system32\PSAPI.DLL
0x000007fef4f40000 - 0x000007fef4f4f000 	D:\ProgramFiles\AndroidStudio\jre\jre\bin\verify.dll
0x000007fef4f10000 - 0x000007fef4f39000 	D:\ProgramFiles\AndroidStudio\jre\jre\bin\java.dll
0x000007fef4ef0000 - 0x000007fef4f06000 	D:\ProgramFiles\AndroidStudio\jre\jre\bin\zip.dll
0x000007fefe110000 - 0x000007fefee9a000 	C:\Windows\system32\SHELL32.dll
0x000007fefd4a0000 - 0x000007fefd4af000 	C:\Windows\system32\profapi.dll
0x000007fef4ed0000 - 0x000007fef4eea000 	D:\ProgramFiles\AndroidStudio\jre\jre\bin\net.dll
0x000007fefcc20000 - 0x000007fefcc75000 	C:\Windows\system32\mswsock.dll
0x000007fefcc10000 - 0x000007fefcc17000 	C:\Windows\System32\wship6.dll
0x000007fef4eb0000 - 0x000007fef4ec1000 	D:\ProgramFiles\AndroidStudio\jre\jre\bin\nio.dll
0x000007fef1250000 - 0x000007fef1262000 	C:\Users\ganedu\.gradle\native\19\windows-amd64\native-platform.dll
0x000007fefcc80000 - 0x000007fefcc98000 	C:\Windows\system32\CRYPTSP.dll
0x000007fefc980000 - 0x000007fefc9c7000 	C:\Windows\system32\rsaenh.dll
0x000007fefd6f0000 - 0x000007fefd70e000 	C:\Windows\system32\USERENV.dll
0x000007fefd2e0000 - 0x000007fefd2ef000 	C:\Windows\system32\CRYPTBASE.dll
0x000007fef9660000 - 0x000007fef9687000 	C:\Windows\system32\IPHLPAPI.DLL
0x000007fef9650000 - 0x000007fef965b000 	C:\Windows\system32\WINNSI.DLL
0x000007fef8b10000 - 0x000007fef8b28000 	C:\Windows\system32\dhcpcsvc.DLL
0x000007fef8af0000 - 0x000007fef8b01000 	C:\Windows\system32\dhcpcsvc6.DLL
0x000007fef4e40000 - 0x000007fef4e4d000 	D:\ProgramFiles\AndroidStudio\jre\jre\bin\management.dll
0x000007fefd280000 - 0x000007fefd2d7000 	C:\Windows\system32\apphelp.dll

VM Arguments:
jvm_args: -Xmx1536m -Dfile.encoding=x-windows-949 -Duser.country=KR -Duser.language=ko -Duser.variant 
java_command: org.gradle.launcher.daemon.bootstrap.GradleDaemon 2.14.1
java_class_path (initial): D:\ProgramFiles\AndroidStudio\gradle\gradle-2.14.1\lib\gradle-launcher-2.14.1.jar
Launcher Type: SUN_STANDARD

Environment Variables:
JAVA_HOME=C:\Program Files\Java\jdk1.7.0_79
PATH=C:\Windows\system32;C:\Windows;C:\Windows\System32\Wbem;C:\Windows\System32\WindowsPowerShell\v1.0\;C:\Program Files (x86)\NVIDIA Corporation\PhysX\Common;C:\Program Files\Java\jdk1.7.0_79\bin;C:\Program Files (x86)\Google\Cloud SDK\google-cloud-sdk\bin;D:\Android_SDK\Sdk\tools;D:\Android_SDK\Sdk\platform-tools;%MAVENHOME%\bin;C:\Windows\system32\config\systemprofile\.dnx\bin;C:\Program Files\Microsoft DNX\Dnvm\;C:\Program Files\Microsoft SQL Server\130\Tools\Binn\;C:\Program Files (x86)\GtkSharp\2.12\bin;D:\ProgramFiles\;C:\Program Files\Git\cmd;C:\Program Files\Bandizip\7z
USERNAME=ganedu
OS=Windows_NT
PROCESSOR_IDENTIFIER=Intel64 Family 6 Model 60 Stepping 3, GenuineIntel



---------------  S Y S T E M  ---------------

OS: Windows 7 , 64 bit Build 7601 (6.1.7601.23572)

CPU:total 4 (2 cores per cpu, 2 threads per core) family 6 model 60 stepping 3, cmov, cx8, fxsr, mmx, sse, sse2, sse3, ssse3, sse4.1, sse4.2, popcnt, avx, avx2, aes, clmul, erms, lzcnt, ht, tsc, tscinvbit, bmi1, bmi2

Memory: 4k page, physical 8096228k(733604k free), swap 8094368k(31436k free)

vm_info: OpenJDK 64-Bit Server VM (25.76-b03) for windows-amd64 JRE (1.8.0_76-release-b03), built on Jun 29 2016 19:09:20 by "ralucas" with MS VC++ 10.0 (VS2010)

time: Wed Jul 05 17:49:16 2017
elapsed time: 4586 seconds (0d 1h 16m 26s)

